<?xml version="1.0" encoding="UTF-8"?>
<!-- Generated by org.testng.reporters.JUnitReportReporter -->
<testsuite skipped="0" hostname="LAPTOP-VA1S61KV" name="com.bridgelabz.bookswagon.BooksNotInStalkTest" tests="3" failures="0" timestamp="2021-07-03T13:35:46 IST" time="19.337" errors="0">
  <testcase name="login_Into_Account" time="7.856" classname="com.bridgelabz.bookswagon.BooksNotInStalkTest"/>
  <system-out/>
  <testcase name="place_An_Order" time="9.723" classname="com.bridgelabz.bookswagon.BooksNotInStalkTest"/>
  <system-out/>
  <testcase name="logout_From_Account" time="1.758" classname="com.bridgelabz.bookswagon.BooksNotInStalkTest"/>
  <system-out/>
</testsuite> <!-- com.bridgelabz.bookswagon.BooksNotInStalkTest -->
