<?xml version="1.0" encoding="UTF-8"?>
<!-- Generated by org.testng.reporters.JUnitReportReporter -->
<testsuite skipped="0" hostname="LAPTOP-VA1S61KV" name="com.bridgelabz.bookswagon.BooksWagonTest" tests="2" failures="0" timestamp="2021-07-03T13:35:46 IST" time="46.377" errors="0">
  <testcase name="place_An_Order" time="38.666" classname="com.bridgelabz.bookswagon.BooksWagonTest"/>
  <system-out/>
  <testcase name="login_Into_Account" time="7.711" classname="com.bridgelabz.bookswagon.BooksWagonTest"/>
  <system-out/>
</testsuite> <!-- com.bridgelabz.bookswagon.BooksWagonTest -->
