<?xml version="1.0" encoding="UTF-8"?>
<!-- Generated by org.testng.reporters.JUnitReportReporter -->
<testsuite skipped="0" hostname="LAPTOP-VA1S61KV" name="com.bridgelabz.bookswagon.BuyBookWithInvalidQuantity" tests="2" failures="0" timestamp="2021-07-03T13:35:46 IST" time="24.692" errors="0">
  <testcase name="login_Into_Account" time="8.671" classname="com.bridgelabz.bookswagon.BuyBookWithInvalidQuantity"/>
  <system-out/>
  <testcase name="place_An_Order" time="16.021" classname="com.bridgelabz.bookswagon.BuyBookWithInvalidQuantity"/>
  <system-out/>
</testsuite> <!-- com.bridgelabz.bookswagon.BuyBookWithInvalidQuantity -->
