<?xml version="1.0" encoding="UTF-8"?>
<!-- Generated by org.testng.reporters.JUnitReportReporter -->
<testsuite skipped="0" hostname="LAPTOP-VA1S61KV" name="com.bridgelabz.bookswagon.InvalidLogin" tests="1" failures="0" timestamp="2021-07-03T13:35:46 IST" time="13.872" errors="0">
  <testcase name="login_Into_Account" time="13.872" classname="com.bridgelabz.bookswagon.InvalidLogin"/>
  <system-out/>
</testsuite> <!-- com.bridgelabz.bookswagon.InvalidLogin -->
