<?xml version="1.0" encoding="UTF-8"?>
<!-- Generated by org.testng.reporters.JUnitReportReporter -->
<testsuite skipped="0" hostname="LAPTOP-VA1S61KV" name="com.bridgelabz.bookswagon.NewArrivalBooksTest" tests="2" failures="0" timestamp="2021-07-03T13:35:46 IST" time="46.823" errors="0">
  <testcase name="login_Into_Account" time="8.382" classname="com.bridgelabz.bookswagon.NewArrivalBooksTest"/>
  <system-out/>
  <testcase name="place_An_Order" time="38.441" classname="com.bridgelabz.bookswagon.NewArrivalBooksTest"/>
  <system-out/>
</testsuite> <!-- com.bridgelabz.bookswagon.NewArrivalBooksTest -->
